{"meta": {"format": 3, "version": "7.10.7", "timestamp": "2025-10-18T23:54:45.845370", "branch_coverage": false, "show_contexts": false}, "files": {"auto_testgen.py": {"executed_lines": [], "summary": {"covered_lines": 0, "num_statements": 30, "percent_covered": 0.0, "percent_covered_display": "0", "missing_lines": 30, "excluded_lines": 0}, "missing_lines": [1, 2, 3, 4, 5, 6, 7, 8, 11, 13, 14, 20, 21, 22, 23, 24, 27, 29, 30, 32, 33, 35, 36, 43, 51, 52, 53, 55, 58, 59], "excluded_lines": [], "functions": {"run_pytest": {"executed_lines": [], "summary": {"covered_lines": 0, "num_statements": 7, "percent_covered": 0.0, "percent_covered_display": "0", "missing_lines": 7, "excluded_lines": 0}, "missing_lines": [13, 14, 20, 21, 22, 23, 24], "excluded_lines": []}, "main": {"executed_lines": [], "summary": {"covered_lines": 0, "num_statements": 11, "percent_covered": 0.0, "percent_covered_display": "0", "missing_lines": 11, "excluded_lines": 0}, "missing_lines": [29, 30, 32, 33, 35, 36, 43, 51, 52, 53, 55], "excluded_lines": []}, "": {"executed_lines": [], "summary": {"covered_lines": 0, "num_statements": 12, "percent_covered": 0.0, "percent_covered_display": "0", "missing_lines": 12, "excluded_lines": 0}, "missing_lines": [1, 2, 3, 4, 5, 6, 7, 8, 11, 27, 58, 59], "excluded_lines": []}}, "classes": {"": {"executed_lines": [], "summary": {"covered_lines": 0, "num_statements": 30, "percent_covered": 0.0, "percent_covered_display": "0", "missing_lines": 30, "excluded_lines": 0}, "missing_lines": [1, 2, 3, 4, 5, 6, 7, 8, 11, 13, 14, 20, 21, 22, 23, 24, 27, 29, 30, 32, 33, 35, 36, 43, 51, 52, 53, 55, 58, 59], "excluded_lines": []}}}, "llm_client.py": {"executed_lines": [], "summary": {"covered_lines": 0, "num_statements": 88, "percent_covered": 0.0, "percent_covered_display": "0", "missing_lines": 88, "excluded_lines": 0}, "missing_lines": [1, 2, 3, 4, 5, 8, 14, 16, 17, 18, 21, 22, 24, 25, 26, 33, 34, 35, 36, 41, 43, 46, 47, 48, 49, 51, 54, 59, 60, 62, 63, 64, 65, 68, 70, 71, 72, 73, 74, 75, 76, 77, 78, 79, 80, 81, 84, 85, 86, 87, 88, 89, 90, 91, 92, 93, 96, 98, 99, 100, 101, 102, 103, 104, 105, 106, 107, 108, 109, 110, 115, 117, 118, 119, 120, 126, 127, 128, 130, 133, 139, 140, 141, 142, 144, 146, 147, 148], "excluded_lines": [], "functions": {"LLMClient.__init__": {"executed_lines": [], "summary": {"covered_lines": 0, "num_statements": 12, "percent_covered": 0.0, "percent_covered_display": "0", "missing_lines": 12, "excluded_lines": 0}, "missing_lines": [16, 17, 18, 21, 22, 24, 25, 26, 33, 34, 35, 36], "excluded_lines": []}, "LLMClient._ensure_model": {"executed_lines": [], "summary": {"covered_lines": 0, "num_statements": 13, "percent_covered": 0.0, "percent_covered_display": "0", "missing_lines": 13, "excluded_lines": 0}, "missing_lines": [43, 46, 47, 48, 49, 51, 54, 59, 60, 62, 63, 64, 65], "excluded_lines": []}, "LLMClient._validate_model": {"executed_lines": [], "summary": {"covered_lines": 0, "num_statements": 22, "percent_covered": 0.0, "percent_covered_display": "0", "missing_lines": 22, "excluded_lines": 0}, "missing_lines": [70, 71, 72, 73, 74, 75, 76, 77, 78, 79, 80, 81, 84, 85, 86, 87, 88, 89, 90, 91, 92, 93], "excluded_lines": []}, "LLMClient._download_model": {"executed_lines": [], "summary": {"covered_lines": 0, "num_statements": 13, "percent_covered": 0.0, "percent_covered_display": "0", "missing_lines": 13, "excluded_lines": 0}, "missing_lines": [98, 99, 100, 101, 102, 103, 104, 105, 106, 107, 108, 109, 110], "excluded_lines": []}, "LLMClient.generate": {"executed_lines": [], "summary": {"covered_lines": 0, "num_statements": 12, "percent_covered": 0.0, "percent_covered_display": "0", "missing_lines": 12, "excluded_lines": 0}, "missing_lines": [117, 118, 130, 133, 139, 140, 141, 142, 144, 146, 147, 148], "excluded_lines": []}, "LLMClient.generate._stream_once": {"executed_lines": [], "summary": {"covered_lines": 0, "num_statements": 5, "percent_covered": 0.0, "percent_covered_display": "0", "missing_lines": 5, "excluded_lines": 0}, "missing_lines": [119, 120, 126, 127, 128], "excluded_lines": []}, "": {"executed_lines": [], "summary": {"covered_lines": 0, "num_statements": 11, "percent_covered": 0.0, "percent_covered_display": "0", "missing_lines": 11, "excluded_lines": 0}, "missing_lines": [1, 2, 3, 4, 5, 8, 14, 41, 68, 96, 115], "excluded_lines": []}}, "classes": {"LLMClient": {"executed_lines": [], "summary": {"covered_lines": 0, "num_statements": 77, "percent_covered": 0.0, "percent_covered_display": "0", "missing_lines": 77, "excluded_lines": 0}, "missing_lines": [16, 17, 18, 21, 22, 24, 25, 26, 33, 34, 35, 36, 43, 46, 47, 48, 49, 51, 54, 59, 60, 62, 63, 64, 65, 70, 71, 72, 73, 74, 75, 76, 77, 78, 79, 80, 81, 84, 85, 86, 87, 88, 89, 90, 91, 92, 93, 98, 99, 100, 101, 102, 103, 104, 105, 106, 107, 108, 109, 110, 117, 118, 119, 120, 126, 127, 128, 130, 133, 139, 140, 141, 142, 144, 146, 147, 148], "excluded_lines": []}, "": {"executed_lines": [], "summary": {"covered_lines": 0, "num_statements": 11, "percent_covered": 0.0, "percent_covered_display": "0", "missing_lines": 11, "excluded_lines": 0}, "missing_lines": [1, 2, 3, 4, 5, 8, 14, 41, 68, 96, 115], "excluded_lines": []}}}, "logger.py": {"executed_lines": [], "summary": {"covered_lines": 0, "num_statements": 15, "percent_covered": 0.0, "percent_covered_display": "0", "missing_lines": 15, "excluded_lines": 0}, "missing_lines": [1, 2, 4, 6, 7, 8, 9, 10, 11, 12, 13, 14, 15, 16, 17], "excluded_lines": [], "functions": {"setup_logger": {"executed_lines": [], "summary": {"covered_lines": 0, "num_statements": 12, "percent_covered": 0.0, "percent_covered_display": "0", "missing_lines": 12, "excluded_lines": 0}, "missing_lines": [6, 7, 8, 9, 10, 11, 12, 13, 14, 15, 16, 17], "excluded_lines": []}, "": {"executed_lines": [], "summary": {"covered_lines": 0, "num_statements": 3, "percent_covered": 0.0, "percent_covered_display": "0", "missing_lines": 3, "excluded_lines": 0}, "missing_lines": [1, 2, 4], "excluded_lines": []}}, "classes": {"": {"executed_lines": [], "summary": {"covered_lines": 0, "num_statements": 15, "percent_covered": 0.0, "percent_covered_display": "0", "missing_lines": 15, "excluded_lines": 0}, "missing_lines": [1, 2, 4, 6, 7, 8, 9, 10, 11, 12, 13, 14, 15, 16, 17], "excluded_lines": []}}}, "test_generator.py": {"executed_lines": [1, 2, 3, 4, 5, 6, 7, 8, 9, 10, 12, 15, 16, 22, 36, 45, 52, 64, 157, 180, 196, 220, 252, 258, 259, 260, 261, 262, 263, 264, 265, 266, 267, 269, 272, 273, 279, 293, 302, 309, 321, 414, 437, 453, 477, 509], "summary": {"covered_lines": 44, "num_statements": 288, "percent_covered": 15.277777777777779, "percent_covered_display": "15", "missing_lines": 244, "excluded_lines": 0}, "missing_lines": [24, 25, 26, 27, 28, 29, 30, 31, 37, 38, 39, 40, 41, 42, 43, 46, 47, 53, 54, 55, 56, 57, 58, 59, 69, 70, 71, 72, 74, 75, 76, 78, 93, 94, 95, 96, 97, 98, 100, 101, 103, 105, 106, 112, 118, 119, 120, 121, 122, 123, 124, 127, 130, 131, 132, 133, 134, 138, 139, 141, 142, 144, 145, 146, 148, 149, 150, 151, 152, 159, 160, 161, 162, 163, 164, 166, 167, 168, 169, 170, 171, 172, 173, 174, 175, 181, 182, 188, 189, 190, 191, 198, 199, 200, 201, 202, 203, 204, 213, 214, 215, 221, 222, 227, 228, 229, 231, 232, 233, 235, 236, 237, 239, 240, 241, 245, 247, 253, 254, 255, 256, 257, 281, 282, 283, 284, 285, 286, 287, 288, 294, 295, 296, 297, 298, 299, 300, 303, 304, 310, 311, 312, 313, 314, 315, 316, 326, 327, 328, 329, 331, 332, 333, 335, 350, 351, 352, 353, 354, 355, 357, 358, 360, 362, 363, 369, 375, 376, 377, 378, 379, 380, 381, 384, 387, 388, 389, 390, 391, 395, 396, 398, 399, 401, 402, 403, 405, 406, 407, 408, 409, 416, 417, 418, 419, 420, 421, 423, 424, 425, 426, 427, 428, 429, 430, 431, 432, 438, 439, 445, 446, 447, 448, 455, 456, 457, 458, 459, 460, 461, 470, 471, 472, 478, 479, 484, 485, 486, 488, 489, 490, 492, 493, 494, 496, 497, 498, 502, 504, 510, 511, 512, 513, 514], "excluded_lines": [], "functions": {"UnitTestGenerator.__init__": {"executed_lines": [], "summary": {"covered_lines": 0, "num_statements": 8, "percent_covered": 0.0, "percent_covered_display": "0", "missing_lines": 8, "excluded_lines": 0}, "missing_lines": [281, 282, 283, 284, 285, 286, 287, 288], "excluded_lines": []}, "UnitTestGenerator._load_metadata": {"executed_lines": [], "summary": {"covered_lines": 0, "num_statements": 7, "percent_covered": 0.0, "percent_covered_display": "0", "missing_lines": 7, "excluded_lines": 0}, "missing_lines": [294, 295, 296, 297, 298, 299, 300], "excluded_lines": []}, "UnitTestGenerator._save_metadata": {"executed_lines": [], "summary": {"covered_lines": 0, "num_statements": 2, "percent_covered": 0.0, "percent_covered_display": "0", "missing_lines": 2, "excluded_lines": 0}, "missing_lines": [303, 304], "excluded_lines": []}, "UnitTestGenerator.extract_functions": {"executed_lines": [], "summary": {"covered_lines": 0, "num_statements": 7, "percent_covered": 0.0, "percent_covered_display": "0", "missing_lines": 7, "excluded_lines": 0}, "missing_lines": [310, 311, 312, 313, 314, 315, 316], "excluded_lines": []}, "UnitTestGenerator.generate_tests_for_file": {"executed_lines": [], "summary": {"covered_lines": 0, "num_statements": 35, "percent_covered": 0.0, "percent_covered_display": "0", "missing_lines": 35, "excluded_lines": 0}, "missing_lines": [326, 327, 328, 329, 331, 332, 333, 335, 350, 351, 352, 353, 354, 355, 357, 358, 360, 384, 387, 388, 389, 390, 391, 395, 396, 398, 399, 401, 402, 403, 405, 406, 407, 408, 409], "excluded_lines": []}, "UnitTestGenerator.generate_tests_for_file.stream_to_file": {"executed_lines": [], "summary": {"covered_lines": 0, "num_statements": 10, "percent_covered": 0.0, "percent_covered_display": "0", "missing_lines": 10, "excluded_lines": 0}, "missing_lines": [362, 363, 369, 375, 376, 377, 378, 379, 380, 381], "excluded_lines": []}, "UnitTestGenerator._is_code_complete": {"executed_lines": [], "summary": {"covered_lines": 0, "num_statements": 16, "percent_covered": 0.0, "percent_covered_display": "0", "missing_lines": 16, "excluded_lines": 0}, "missing_lines": [416, 417, 418, 419, 420, 421, 423, 424, 425, 426, 427, 428, 429, 430, 431, 432], "excluded_lines": []}, "UnitTestGenerator.run_pytest": {"executed_lines": [], "summary": {"covered_lines": 0, "num_statements": 6, "percent_covered": 0.0, "percent_covered_display": "0", "missing_lines": 6, "excluded_lines": 0}, "missing_lines": [438, 439, 445, 446, 447, 448], "excluded_lines": []}, "UnitTestGenerator.attempt_fixes": {"executed_lines": [], "summary": {"covered_lines": 0, "num_statements": 10, "percent_covered": 0.0, "percent_covered_display": "0", "missing_lines": 10, "excluded_lines": 0}, "missing_lines": [455, 456, 457, 458, 459, 460, 461, 470, 471, 472], "excluded_lines": []}, "UnitTestGenerator.process_repository": {"executed_lines": [], "summary": {"covered_lines": 0, "num_statements": 16, "percent_covered": 0.0, "percent_covered_display": "0", "missing_lines": 16, "excluded_lines": 0}, "missing_lines": [478, 479, 484, 485, 486, 488, 489, 490, 492, 493, 494, 496, 497, 498, 502, 504], "excluded_lines": []}, "UnitTestGenerator._print_summary": {"executed_lines": [], "summary": {"covered_lines": 0, "num_statements": 5, "percent_covered": 0.0, "percent_covered_display": "0", "missing_lines": 5, "excluded_lines": 0}, "missing_lines": [510, 511, 512, 513, 514], "excluded_lines": []}, "": {"executed_lines": [1, 2, 3, 4, 5, 6, 7, 8, 9, 10, 12, 15, 16, 22, 36, 45, 52, 64, 157, 180, 196, 220, 252, 258, 259, 260, 261, 262, 263, 264, 265, 266, 267, 269, 272, 273, 279, 293, 302, 309, 321, 414, 437, 453, 477, 509], "summary": {"covered_lines": 44, "num_statements": 44, "percent_covered": 100.0, "percent_covered_display": "100", "missing_lines": 0, "excluded_lines": 0}, "missing_lines": [], "excluded_lines": []}}, "classes": {"UnitTestGenerator": {"executed_lines": [], "summary": {"covered_lines": 0, "num_statements": 122, "percent_covered": 0.0, "percent_covered_display": "0", "missing_lines": 122, "excluded_lines": 0}, "missing_lines": [281, 282, 283, 284, 285, 286, 287, 288, 294, 295, 296, 297, 298, 299, 300, 303, 304, 310, 311, 312, 313, 314, 315, 316, 326, 327, 328, 329, 331, 332, 333, 335, 350, 351, 352, 353, 354, 355, 357, 358, 360, 362, 363, 369, 375, 376, 377, 378, 379, 380, 381, 384, 387, 388, 389, 390, 391, 395, 396, 398, 399, 401, 402, 403, 405, 406, 407, 408, 409, 416, 417, 418, 419, 420, 421, 423, 424, 425, 426, 427, 428, 429, 430, 431, 432, 438, 439, 445, 446, 447, 448, 455, 456, 457, 458, 459, 460, 461, 470, 471, 472, 478, 479, 484, 485, 486, 488, 489, 490, 492, 493, 494, 496, 497, 498, 502, 504, 510, 511, 512, 513, 514], "excluded_lines": []}, "": {"executed_lines": [1, 2, 3, 4, 5, 6, 7, 8, 9, 10, 12, 15, 16, 22, 36, 45, 52, 64, 157, 180, 196, 220, 252, 258, 259, 260, 261, 262, 263, 264, 265, 266, 267, 269, 272, 273, 279, 293, 302, 309, 321, 414, 437, 453, 477, 509], "summary": {"covered_lines": 44, "num_statements": 44, "percent_covered": 100.0, "percent_covered_display": "100", "missing_lines": 0, "excluded_lines": 0}, "missing_lines": [], "excluded_lines": []}}}, "utils.py": {"executed_lines": [1, 2, 3, 4, 6, 18], "summary": {"covered_lines": 6, "num_statements": 14, "percent_covered": 42.857142857142854, "percent_covered_display": "43", "missing_lines": 8, "excluded_lines": 0}, "missing_lines": [10, 11, 12, 13, 14, 15, 16, 20], "excluded_lines": [], "functions": {"run_coverage": {"executed_lines": [], "summary": {"covered_lines": 0, "num_statements": 7, "percent_covered": 0.0, "percent_covered_display": "0", "missing_lines": 7, "excluded_lines": 0}, "missing_lines": [10, 11, 12, 13, 14, 15, 16], "excluded_lines": []}, "progress_bar": {"executed_lines": [], "summary": {"covered_lines": 0, "num_statements": 1, "percent_covered": 0.0, "percent_covered_display": "0", "missing_lines": 1, "excluded_lines": 0}, "missing_lines": [20], "excluded_lines": []}, "": {"executed_lines": [1, 2, 3, 4, 6, 18], "summary": {"covered_lines": 6, "num_statements": 6, "percent_covered": 100.0, "percent_covered_display": "100", "missing_lines": 0, "excluded_lines": 0}, "missing_lines": [], "excluded_lines": []}}, "classes": {"": {"executed_lines": [1, 2, 3, 4, 6, 18], "summary": {"covered_lines": 6, "num_statements": 14, "percent_covered": 42.857142857142854, "percent_covered_display": "43", "missing_lines": 8, "excluded_lines": 0}, "missing_lines": [10, 11, 12, 13, 14, 15, 16, 20], "excluded_lines": []}}}}, "totals": {"covered_lines": 50, "num_statements": 435, "percent_covered": 11.494252873563218, "percent_covered_display": "11", "missing_lines": 385, "excluded_lines": 0}}